<?xml version="1.0" encoding="UTF-8"?>
<!-- Generated by org.testng.reporters.JUnitReportReporter -->
<testsuite skipped="0" hostname="LAPTOP-J19S32R2" name="CreateNewOrderTest" tests="1" failures="0" timestamp="2022-05-14T12:12:24 IST" time="2.974" errors="0">
  <testcase name="createNewOrder" time="2.974" classname="CreateNewOrderTest"/>
  <system-out/>
</testsuite> <!-- CreateNewOrderTest -->
