<?xml version="1.0" encoding="UTF-8"?>
<!-- Generated by org.testng.reporters.JUnitReportReporter -->
<testsuite skipped="0" hostname="LAPTOP-J19S32R2" name="TestApi" tests="1" failures="0" timestamp="2022-05-13T11:57:44 IST" time="3.117" errors="0">
  <testcase name="create_New_Client" time="3.117" classname="TestApi"/>
  <system-out/>
</testsuite> <!-- TestApi -->
