<?xml version="1.0" encoding="UTF-8"?>
<!-- Generated by org.testng.reporters.JUnitReportReporter -->
<testsuite skipped="0" hostname="LAPTOP-J19S32R2" name="ClientRegistrationTest" tests="1" failures="0" timestamp="2022-05-14T12:11:26 IST" time="3.093" errors="0">
  <testcase name="create_New_Client" time="3.093" classname="ClientRegistrationTest"/>
  <system-out/>
</testsuite> <!-- ClientRegistrationTest -->
