<?xml version="1.0" encoding="UTF-8"?>
<!-- Generated by org.testng.reporters.JUnitReportReporter -->
<testsuite skipped="0" hostname="LAPTOP-J19S32R2" name="GetAllTools" tests="1" failures="0" timestamp="2022-05-14T11:19:45 IST" time="2.721" errors="0">
  <testcase name="getAllToolDetails" time="2.721" classname="GetAllTools"/>
  <system-out/>
</testsuite> <!-- GetAllTools -->
